"report-file-0"
"Time Step" "floor-temperature-average etc.."
("Time Step" "floor-temperature-average" "flow-time" "iso-radiation-average" "iso-rh-average" "iso-temperature-average" "iso-velocity-average" "plant-canopy-temp" "plant-surface-rh-average" "vents")
5292 276.0933772495815 26460 1.894767113909708e-09 0.7364166674727115 274.4598700824242 0.009292216554025868 274.4824668943313 0.7399413249765037 0
5304 276.0855113186033 26520 1.958892758951648e-05 0.7358705046621772 274.4655217345753 0.009317788064366074 274.4164624706854 0.7389607168437581 0
5316 276.0342125081858 26580 0.001441323039732937 0.7365869977960601 274.4506398738145 0.008003152113297289 274.3265496012185 0.7389222756200332 0
5328 276.0215766113819 26640 0.01501727696460568 0.7370782478453156 274.4418928236477 0.007241538095001262 274.3419442122559 0.7375957486029614 0
5340 276.0477702420641 26700 0.06230446992123806 0.7367665462833383 274.4505000165312 0.00831854880397404 274.3588508533032 0.7361268405736794 0
5352 276.0983129887296 26760 0.1591963143921378 0.7356404463190568 274.4724344344485 0.0105864210199053 274.3773709949603 0.7340788290344552 0
5364 276.1494234710593 26820 0.3072805500879475 0.7341228900665866 274.5011252368584 0.01356386982646315 274.4007633089423 0.7315784992776878 0
5376 276.1849513115184 26880 0.498291978707844 0.7324952053888779 274.5318466176557 0.01742837939196985 274.4309042582037 0.7292823429973808 0
5388 276.2092403001396 26940 0.7201037053371628 0.7308047952123543 274.5634985819326 0.0237624176047978 274.46948303306 0.7271965458855243 0
5400 276.2362953435398 27000 0.9613644458124795 0.7295352775962841 274.5879163519895 0.02821631913662205 274.5151280510355 0.7252895417966341 0
5412 276.4236719899873 27060 1.214285598032464 0.7284295052426224 274.6090888935523 0.02594769422429024 274.5553711798715 0.72343932325941 0
5424 276.3684617181582 27120 1.474415231076767 0.7270034977405024 274.6308461659982 0.02252461141003338 274.5863702328681 0.7223400478950667 0
5436 276.3515771367819 27180 1.739350117877654 0.7260938322598602 274.6472721245199 0.01827627910185916 274.6109828054769 0.7213508217952983 0
5448 276.3621842590624 27240 2.008578334281887 0.7251356731124519 274.6657754045516 0.0152870731633266 274.6287354654652 0.7206519685523042 0
5460 276.3844623992953 27300 2.283200398875871 0.7240539669159993 274.6862189460886 0.01216903766964929 274.6439033685406 0.7199331288848823 0
5472 276.4072768386129 27360 2.564095898323944 0.723122997024909 274.704292980072 0.009762078110263889 274.6585198577339 0.7192426226334945 0
5484 276.4295504174598 27420 2.850955807874594 0.7222274390929098 274.7212324352169 0.008022328889487226 274.6725652362197 0.7186112410602888 0
5496 276.4528703637041 27480 3.142652811994746 0.7213792533960681 274.7376569585553 0.00694650876572635 274.6859266986942 0.7180090976006259 0
5508 276.4774500706421 27540 3.437782520981051 0.7205693589402989 274.7529971676923 0.006419095605650936 274.698615135363 0.7174132726464866 0
5520 276.5039597146002 27600 3.735086972797044 0.7198363215010228 274.7671299292168 0.006242065357484147 274.7105777898484 0.7168322213347977 0
5532 276.5308303468769 27660 4.033708097497129 0.7191084386631214 274.7807554996224 0.006261405054578789 274.722026521095 0.7162598610383403 0
5544 276.5597328805241 27720 4.333141339751804 0.7184644645915789 274.7941066576665 0.006274851795891006 274.7331676873827 0.7156688856527649 0
5556 276.5894243042127 27780 4.632546228493529 0.7177625667703663 274.8092260346183 0.006222794616038611 274.7444366607874 0.7150677927880905 0
5568 276.6179387726155 27840 4.927441446396512 0.7170271708403125 274.8238778806787 0.006187896272222818 274.7563666863283 0.7144271012983824 0
5580 276.6461128685959 27900 5.209084089976002 0.7163671970938432 274.8365319183702 0.006249661511487 274.7685182386493 0.7137684868909275 0
5592 276.6746424164704 27960 5.471035566564585 0.7157008865288133 274.8501583525435 0.006302020671055718 274.7806733469557 0.7130993249174566 0
5604 276.7019028847506 28020 5.712607150344633 0.7150007050825884 274.8641371175715 0.006323996947206567 274.7930423561204 0.7124357005751026 0
5616 276.7273943645745 28080 5.937070640322691 0.7143152693297488 274.877310585306 0.006446793176367698 274.8056522277359 0.7117620079217428 0
5628 276.7515411040733 28140 6.149255345388354 0.7136501892054753 274.8902278329562 0.006566401866065724 274.8183187311977 0.7110859056492366 0
5640 276.7748350324852 28200 6.353688365878972 0.7129697857691056 274.9033275482158 0.006723620402242951 274.8310291288547 0.7104108279415517 0
5652 276.798185014392 28260 6.553476605050943 0.7123019588738517 274.9160302160302 0.006928259362164253 274.8437818788538 0.7097607410688609 0
5664 276.8185730148579 28320 6.750417647630645 0.711644419535245 274.9285103972119 0.007143412366046716 274.8564747466138 0.7091392667210913 0
5676 276.8401355105991 28380 6.947045260619785 0.7110085907699806 274.9406035107879 0.007427958358962157 274.8688855108262 0.7085376758783558 0
5688 276.8621249946653 28440 7.15581946032462 0.7103482164927565 274.9538484719125 0.00767631454545041 274.8810112822528 0.7079474244481945 0
5700 276.8861717591161 28500 7.400875195111425 0.7096672138824147 274.9677068410085 0.007878561774731061 274.8932174800687 0.7073393276857932 0
5712 276.9127200123496 28560 7.699981978327367 0.7089761872320635 274.9818315562043 0.008043525364479987 274.9056362035766 0.7067228294535993 0
5724 276.9433098217603 28620 8.055076045873713 0.7082987476765603 274.9955617554588 0.008190543355237029 274.9182221556339 0.7060770698628163 0
5736 276.9784118618722 28680 8.457186335549748 0.7076121500808638 275.0093900853711 0.00834203571405188 274.9309189266436 0.7054128146370507 0
5748 277.0176551866479 28740 8.893048139535184 0.7069141460145036 275.0235899483589 0.00849466454700522 274.9437449077178 0.704728004929343 0
5760 277.0594931107604 28800 9.350221494379424 0.7062013816812732 275.0383290216706 0.008604508239122774 274.9567726492936 0.7040298190058731 0
5772 277.1041781243007 28860 9.820168336024867 0.705479897628442 275.0528327780769 0.008743494690912245 274.9700466984231 0.703322754339321 0
5784 277.147767402125 28920 10.29809273465018 0.7047632687911473 275.0673780551331 0.008882445087586423 274.9833754208287 0.7026211958871115 0
5796 277.1931809766127 28980 10.78715657502666 0.7040751840900601 275.0811841862149 0.009092820153851286 274.9965804616158 0.7019255090586182 0
5808 277.2424247032835 29040 11.33185732486641 0.7033479762913069 275.0965205349747 0.009276867149740513 275.0097866692107 0.7012124484172988 0
5820 277.3006440441791 29100 12.02374372040034 0.702572132646713 275.1132543203801 0.009413723957269854 275.0233812987615 0.7004565250353268 0
5832 277.3713227607203 29160 12.93039978425175 0.7017252929662792 275.1319220617864 0.009508323846446728 275.0375368989051 0.6996502098743356 0
5844 277.4582941879738 29220 14.05815722369795 0.7008377050175117 275.1522850802384 0.009550336131281808 275.0524579526947 0.6987679861782451 0
5856 277.5621587982346 29280 15.37115023770987 0.6998775394918507 275.1747074338987 0.009526703145194595 275.0684558172143 0.6977889041003887 0
5868 277.6811252332022 29340 16.81701552206048 0.6988502103416016 275.1983148370099 0.009508404299357167 275.085720279296 0.6967171583998953 0
5880 277.8104811047439 29400 18.34679507451355 0.6977851576154175 275.2227315506124 0.009511248534706251 275.1041187812482 0.6955570756011811 0
5892 277.9468729367293 29460 19.92690004306812 0.6966649512047605 275.2485458802585 0.009554453721292676 275.1236410996129 0.6943450220436126 0
5904 278.085338495866 29520 21.53801381746305 0.6954323326791264 275.2766010094229 0.009660012449849386 275.1445104974912 0.6930512429201863 0
5916 278.2220812575851 29580 23.1619781292318 0.6942039118232536 275.3048233773073 0.009706217983527518 275.1669483627576 0.6916983382004064 0
5928 278.3542962832526 29640 24.73602934130754 0.6929646991266292 275.3330032478198 0.009740477746683372 275.1907757293326 0.690302240932707 0
5940 278.4763938183737 29700 26.14350254603676 0.6916744393667 275.3616424168529 0.009866761552658494 275.2157624027216 0.6889033613523255 0
5952 278.585081393956 29760 27.29865826175489 0.6903517883690308 275.3909064155245 0.00999067130423259 275.2416137361939 0.6874796042775924 0
5964 278.6772076357738 29820 28.19119508308495 0.6890075910384686 275.4200186236295 0.01012228802908512 275.2680447508543 0.6860423928812931 0
5976 278.7516119176309 29880 28.8627878990979 0.6876830030261055 275.4480924899091 0.01025978483852729 275.2949705753318 0.6846001174468284 0
5988 278.8086428605499 29940 29.37568105551871 0.6863400820369375 275.4763520463162 0.01035562531365164 275.3222218558199 0.6831433340352369 0
6000 278.8551606939332 30000 29.78839108255105 0.6849937337093199 275.5040654556803 0.01048230304850735 275.3496467961905 0.681822005905144 0
6012 278.8987736472565 30060 30.14109388675769 0.6836053935655602 275.533727079857 0.01066512348946089 275.377072639448 0.6804700563899666 0
6024 278.9363143814429 30120 30.45689346119129 0.6821711546788671 275.5639509636671 0.01101106656462318 275.404856428755 0.6791333391133872 0
6036 278.971190274309 30180 30.759790167631 0.6807556543998046 275.5932003115092 0.01140659326699013 275.4332865600864 0.6777824906008234 0
6048 279.010107712145 30240 31.14289223703974 0.6793449771656026 275.6231364942236 0.01192491971212931 275.4623211394888 0.6764127056543573 0
6060 279.063901488675 30300 31.7819535554221 0.6779455482220043 275.65252789199 0.01253172891722074 275.4916686733907 0.6749858000847739 0
6072 279.1391757400518 30360 32.80623974749239 0.6764760898162979 275.6839665986602 0.01326490830841807 275.5210865769106 0.6735309468766385 0
6084 279.2399941569429 30420 34.23074814023833 0.6749149880299193 275.7188310014794 0.01412919029310502 275.5511873546491 0.6720084521905142 0
6096 279.3699048252785 30480 35.99174188846029 0.6732867374000741 275.7557801475666 0.01509755221803829 275.5825233650468 0.670401947634517 0
6108 279.5244043681537 30540 37.99438258128932 0.6715374925597 275.7962734455796 0.01625629172930297 275.615370933175 0.668678428257537 0
6120 279.7009315953025 30600 40.14959001115483 0.6696559390859772 275.8398351189671 0.01749176430029195 275.6504091550178 0.6667963452302446 0
6132 279.8897265526376 30660 42.39621039784451 0.6677099853695646 275.8839714171553 0.01872115259729638 275.6870948538001 0.6648347134997205 0
6144 280.0847581295332 30720 44.69915784191727 0.665654668588927 275.9305356401725 0.01980925795118084 275.7256173996367 0.6629761332265832 0
6156 280.2798558465269 30780 47.02828315138532 0.6635606752588109 275.9791915165997 0.02109436227723769 275.7665368046715 0.6615599136986078 0
6168 280.4753764107347 30840 49.29158313908194 0.6616827737342914 276.031204678772 0.02253571449324364 275.8094266840258 0.6611628850020554 0
6180 280.6624439084 30900 51.32124052249137 0.6601932458749867 276.0854667266573 0.02398913802964105 275.8544927153416 0.6617296172810457 0
6192 280.8327791099815 30960 52.99402104341826 0.6590179399470216 276.1401317155415 0.02527197624183421 275.9018887644418 0.6619835037322038 0
6204 280.9812264051938 31020 54.29445764594366 0.6583303966061264 276.1951770545765 0.02640529460412175 275.9513570779445 0.6623271930508497 0
6216 281.1063182773373 31080 55.28134424162669 0.6581336268666469 276.2518554860254 0.02738027747777458 276.0026552376554 0.6630418183026173 0
6228 281.2104869762677 31140 56.04294178175973 0.6583159495329197 276.3097342091035 0.02827932026144786 276.0556386983226 0.6641156547488848 0
6240 281.3007568292131 31200 56.6623279306589 0.6590509893145147 276.3673576888191 0.02915276350767181 276.1100188000505 0.6656021808629164 0
6252 281.3848319724339 31260 57.19655187379657 0.6602780426765822 276.4259808600767 0.03002227769394894 276.1655597226642 0.6675365544100016 0
6264 281.4629950045314 31320 57.67838375931235 0.6620504463157596 276.4847855687323 0.03093690091758056 276.2221533280912 0.6698539665635957 0
6276 281.5382104173899 31380 58.13993167690325 0.6643162071120887 276.5450664962945 0.0317783865174017 276.2797588058423 0.6727238616068035 0
6288 281.6192047421738 31440 58.69815384814767 0.6675346102326258 276.6067186152522 0.03265857623231851 276.3380379066936 0.6766719221456672 0
6300 281.7176576657108 31500 59.57205309245987 0.6724781933600104 276.6709632067906 0.0336701496636656 276.3972006560348 0.682636283229037 0
6312 281.8401015635759 31560 60.92265836340707 0.6805216792931152 276.7379537026347 0.03484720349349949 276.4577194443062 0.6913464947980237 0
6324 281.9955569802073 31620 62.76902269014159 0.691331701070531 276.8090162653044 0.03640545576230104 276.5198183958238 0.7017906715000701 0
6336 282.1879112139985 31680 65.03236043653067 0.7040853557985332 276.8860201280204 0.03812372425237325 276.5839759850969 0.7140863058732319 0
6348 282.4123088824062 31740 67.59519096638626 0.7181478852465758 276.9684191038737 0.03981888349910749 276.6512380329978 0.7280988163222704 0
6360 282.659034591714 31800 70.34710710717783 0.7331006616555137 277.0557942256517 0.04156810680561249 276.7221299502651 0.7432823496697344 0
6372 282.9190864633034 31860 73.21230651287375 0.7494703973141627 277.1472834000109 0.0432095253349791 276.7970492710674 0.7609952178631881 0
6384 283.1868256993737 31920 76.1436529228066 0.7670498560670412 277.2419342698808 0.04471555938560985 276.8759979261937 0.7798494901598954 0
6396 283.4567895245561 31980 78.96682468416799 0.7849057902055396 277.3412614120992 0.04610020051735248 276.9588995869723 0.7984012578663073 0
6408 283.6947717628101 32040 81.12745794823246 0.8027168617071005 277.4415682396701 0.04700568075864232 277.0455822603888 0.8161412244124652 0
6420 283.9022429848347 32100 82.47687725695862 0.8201937615261498 277.5368950609389 0.04736048125666168 277.1352699081845 0.8327083545793159 0
6432 284.0814934099066 32160 83.55846585423863 0.8367974915173275 277.6263282621397 0.0472198742228519 277.2268207951139 0.8477094788223849 0
